2021-03-05 09:41:06,803 - INFO - SaleList Update Start : from_ym = 200706, to_ym = 202103
2021-03-05 09:41:07,084 - INFO - 200706 : starting...
2021-03-05 09:41:07,084 - INFO - insert into job_log values(%s, Starting...
2021-03-05 09:41:07,092 - INFO - insert into job_log values(%s, Completed : 1
2021-03-05 09:41:07,093 - INFO - delete from tmp_ym where Starting...
2021-03-05 09:41:07,156 - INFO - delete from tmp_ym where Completed : 1
2021-03-05 09:41:07,157 - INFO - insert into tmp_ym values('200 Starting...
2021-03-05 09:41:07,164 - INFO - insert into tmp_ym values('200 Completed : 1
2021-03-05 09:41:07,164 - INFO - truncate tmp_raw_data_new Starting...
2021-03-05 09:41:07,370 - INFO - truncate tmp_raw_data_new Completed : 0
2021-03-05 09:41:07,370 - INFO - truncate tmp_raw_data2_new Starting...
2021-03-05 09:41:07,456 - INFO - truncate tmp_raw_data2_new Completed : 0
2021-03-05 09:41:07,456 - INFO - get_and_load starting...
2021-03-05 09:51:14,107 - INFO -  LOAD DATA INFILE %s INTO Starting...
2021-03-05 09:51:16,345 - INFO -  LOAD DATA INFILE %s INTO Completed : 39207
2021-03-05 09:51:16,345 - INFO -  insert into tmp_raw_data2_new Starting...
2021-03-05 09:51:22,350 - INFO -  insert into tmp_raw_data2_new Completed : 0
2021-03-05 09:51:22,424 - INFO - get_and_load completed : 39207
2021-03-05 09:51:22,424 - INFO -  insert into apt_master_new   Starting...
2021-03-05 09:51:22,449 - INFO -  insert into apt_master_new   Completed : 0
2021-03-05 09:51:22,450 - INFO -  update tmp_raw_data2_new a Starting...
2021-03-05 09:51:22,451 - INFO -  update tmp_raw_data2_new a Completed : 0
2021-03-05 09:51:22,451 - INFO - insert into raw_data_new Starting...
2021-03-05 09:51:22,452 - INFO - insert into raw_data_new Completed : 0
2021-03-05 09:51:22,453 - INFO -  insert into apt_sale_new  Starting...
2021-03-05 09:51:22,454 - INFO -  insert into apt_sale_new  Completed : 0
2021-03-05 09:51:22,455 - INFO -  insert into apt_sale_deleted Starting...
2021-03-05 09:51:29,172 - INFO -  insert into apt_sale_deleted Completed : 0
2021-03-05 09:51:29,172 - INFO - delete from apt_sale_new Starting...
2021-03-05 09:51:29,204 - INFO - delete from apt_sale_new Completed : 0
2021-03-05 09:51:29,204 - INFO - delete from apt_sale_stats_new Starting...
2021-03-05 09:51:32,540 - INFO - delete from apt_sale_stats_new Completed : 20370
2021-03-05 09:51:32,541 - INFO -  insert into apt_sale_stats_ne Starting...
2021-03-05 09:51:34,439 - INFO -  insert into apt_sale_stats_ne Completed : 10601
2021-03-05 09:51:34,439 - INFO -  insert into apt_sale_stats_ne Starting...
2021-03-05 09:51:34,938 - INFO -  insert into apt_sale_stats_ne Completed : 1168
2021-03-05 09:51:34,939 - INFO -  insert into apt_sale_stats_ne Starting...
2021-03-05 09:51:35,454 - INFO -  insert into apt_sale_stats_ne Completed : 7141
2021-03-05 09:51:35,455 - INFO -  insert into apt_sale_stats_ne Starting...
2021-03-05 09:51:35,546 - INFO -  insert into apt_sale_stats_ne Completed : 1460
2021-03-05 09:51:35,547 - INFO - delete from apt_ma_new where Starting...
2021-03-05 09:51:35,670 - INFO - delete from apt_ma_new where Completed : 0
2021-03-05 09:51:35,671 - INFO -  insert into apt_ma_new  Starting...
2021-03-05 09:52:07,025 - INFO -  insert into apt_ma_new  Completed : 351752
2021-03-05 09:52:07,025 - INFO - delete from apt_region_ma_new Starting...
2021-03-05 09:52:56,624 - INFO - delete from apt_region_ma_new Completed : 371675
2021-03-05 09:52:56,624 - INFO -  insert into apt_region_ma_new Starting...
2021-03-05 09:53:46,750 - INFO -  insert into apt_region_ma_new Completed : 410021
2021-03-05 09:53:46,751 - INFO -  update job_log set   end_dt Starting...
2021-03-05 09:53:46,786 - INFO -  update job_log set   end_dt Completed : 1
2021-03-05 09:53:46,787 - INFO - 200707 : starting...
2021-03-05 09:53:46,787 - INFO - insert into job_log values(%s, Starting...
2021-03-05 09:53:46,816 - INFO - insert into job_log values(%s, Completed : 1
2021-03-05 09:53:46,817 - INFO - delete from tmp_ym where Starting...
2021-03-05 09:53:46,840 - INFO - delete from tmp_ym where Completed : 1
2021-03-05 09:53:46,840 - INFO - insert into tmp_ym values('200 Starting...
2021-03-05 09:53:46,868 - INFO - insert into tmp_ym values('200 Completed : 1
2021-03-05 09:53:46,869 - INFO - truncate tmp_raw_data_new Starting...
2021-03-05 09:53:47,162 - INFO - truncate tmp_raw_data_new Completed : 0
2021-03-05 09:53:47,162 - INFO - truncate tmp_raw_data2_new Starting...
2021-03-05 09:53:47,268 - INFO - truncate tmp_raw_data2_new Completed : 0
2021-03-05 09:53:47,269 - INFO - get_and_load starting...
2021-03-05 10:03:51,544 - INFO -  LOAD DATA INFILE %s INTO Starting...
2021-03-05 10:03:54,191 - INFO -  LOAD DATA INFILE %s INTO Completed : 40804
2021-03-05 10:03:54,191 - INFO -  insert into tmp_raw_data2_new Starting...
2021-03-05 10:03:56,061 - INFO -  insert into tmp_raw_data2_new Completed : 40804
2021-03-05 10:03:56,122 - INFO - get_and_load completed : 40804
2021-03-05 10:03:56,123 - INFO -  insert into apt_master_new   Starting...
2021-03-05 10:04:07,119 - INFO -  insert into apt_master_new   Completed : 135
2021-03-05 10:04:07,120 - INFO -  update tmp_raw_data2_new a Starting...
2021-03-05 10:04:09,955 - INFO -  update tmp_raw_data2_new a Completed : 40804
2021-03-05 10:04:09,956 - INFO - insert into raw_data_new Starting...
2021-03-05 10:04:11,317 - INFO - insert into raw_data_new Completed : 40804
2021-03-05 10:04:11,318 - INFO -  insert into apt_sale_new  Starting...
2021-03-05 10:04:14,622 - INFO -  insert into apt_sale_new  Completed : 40804
2021-03-05 10:04:14,623 - INFO -  insert into apt_sale_deleted Starting...
2021-03-05 10:04:18,043 - INFO -  insert into apt_sale_deleted Completed : 0
2021-03-05 10:04:18,043 - INFO - delete from apt_sale_new Starting...
2021-03-05 10:04:18,044 - INFO - delete from apt_sale_new Completed : 0
2021-03-05 10:04:18,045 - INFO - delete from apt_sale_stats_new Starting...
2021-03-05 10:04:18,046 - INFO - delete from apt_sale_stats_new Completed : 0
2021-03-05 10:04:18,046 - INFO -  insert into apt_sale_stats_ne Starting...
2021-03-05 10:04:21,819 - INFO -  insert into apt_sale_stats_ne Completed : 11221
2021-03-05 10:04:21,819 - INFO -  insert into apt_sale_stats_ne Starting...
2021-03-05 10:04:22,159 - INFO -  insert into apt_sale_stats_ne Completed : 1249
2021-03-05 10:04:22,160 - INFO -  insert into apt_sale_stats_ne Starting...
2021-03-05 10:04:23,178 - INFO -  insert into apt_sale_stats_ne Completed : 7516
2021-03-05 10:04:23,179 - INFO -  insert into apt_sale_stats_ne Starting...
2021-03-05 10:04:23,376 - INFO -  insert into apt_sale_stats_ne Completed : 1502
2021-03-05 10:04:23,376 - INFO - delete from apt_ma_new where Starting...
2021-03-05 10:04:39,988 - INFO - delete from apt_ma_new where Completed : 314495
2021-03-05 10:04:39,989 - INFO -  insert into apt_ma_new  Starting...
2021-03-05 10:05:22,942 - INFO -  insert into apt_ma_new  Completed : 351339
2021-03-05 10:05:22,943 - INFO - delete from apt_region_ma_new Starting...
2021-03-05 10:05:43,486 - INFO - delete from apt_region_ma_new Completed : 369829
2021-03-05 10:05:43,487 - INFO -  insert into apt_region_ma_new Starting...
2021-03-05 10:06:25,057 - INFO -  insert into apt_region_ma_new Completed : 411600
2021-03-05 10:06:25,059 - INFO -  update job_log set   end_dt Starting...
2021-03-05 10:06:25,086 - INFO -  update job_log set   end_dt Completed : 1
2021-03-05 10:06:25,088 - INFO - 200708 : starting...
2021-03-05 10:06:25,092 - INFO - insert into job_log values(%s, Starting...
2021-03-05 10:06:25,112 - INFO - insert into job_log values(%s, Completed : 1
2021-03-05 10:06:25,113 - INFO - delete from tmp_ym where Starting...
2021-03-05 10:06:25,144 - INFO - delete from tmp_ym where Completed : 1
2021-03-05 10:06:25,145 - INFO - insert into tmp_ym values('200 Starting...
2021-03-05 10:06:25,165 - INFO - insert into tmp_ym values('200 Completed : 1
2021-03-05 10:06:25,166 - INFO - truncate tmp_raw_data_new Starting...
2021-03-05 10:06:25,534 - INFO - truncate tmp_raw_data_new Completed : 0
2021-03-05 10:06:25,536 - INFO - truncate tmp_raw_data2_new Starting...
2021-03-05 10:06:25,725 - INFO - truncate tmp_raw_data2_new Completed : 0
2021-03-05 10:06:25,726 - INFO - get_and_load starting...
2021-03-05 10:22:44,788 - INFO -  LOAD DATA INFILE %s INTO Starting...
2021-03-05 10:22:46,966 - INFO -  LOAD DATA INFILE %s INTO Completed : 40504
2021-03-05 10:22:46,967 - INFO -  insert into tmp_raw_data2_new Starting...
2021-03-05 10:22:49,025 - INFO -  insert into tmp_raw_data2_new Completed : 40504
2021-03-05 10:22:49,094 - INFO - get_and_load completed : 40504
2021-03-05 10:22:49,095 - INFO -  insert into apt_master_new   Starting...
2021-03-05 10:23:00,015 - INFO -  insert into apt_master_new   Completed : 124
2021-03-05 10:23:00,016 - INFO -  update tmp_raw_data2_new a Starting...
2021-03-05 10:23:02,163 - INFO -  update tmp_raw_data2_new a Completed : 40504
2021-03-05 10:23:02,163 - INFO - insert into raw_data_new Starting...
2021-03-05 10:23:03,649 - INFO - insert into raw_data_new Completed : 40504
2021-03-05 10:23:03,650 - INFO -  insert into apt_sale_new  Starting...
2021-03-05 10:23:08,205 - INFO -  insert into apt_sale_new  Completed : 40504
2021-03-05 10:23:08,206 - INFO -  insert into apt_sale_deleted Starting...
2021-03-05 10:23:14,745 - INFO -  insert into apt_sale_deleted Completed : 0
2021-03-05 10:23:14,746 - INFO - delete from apt_sale_new Starting...
2021-03-05 10:23:14,780 - INFO - delete from apt_sale_new Completed : 0
2021-03-05 10:23:14,781 - INFO - delete from apt_sale_stats_new Starting...
2021-03-05 10:23:14,782 - INFO - delete from apt_sale_stats_new Completed : 0
2021-03-05 10:23:14,782 - INFO -  insert into apt_sale_stats_ne Starting...
2021-03-05 10:23:16,631 - INFO -  insert into apt_sale_stats_ne Completed : 10790
2021-03-05 10:23:16,631 - INFO -  insert into apt_sale_stats_ne Starting...
2021-03-05 10:23:17,035 - INFO -  insert into apt_sale_stats_ne Completed : 1121
2021-03-05 10:23:17,036 - INFO -  insert into apt_sale_stats_ne Starting...
2021-03-05 10:23:18,158 - INFO -  insert into apt_sale_stats_ne Completed : 7261
2021-03-05 10:23:18,159 - INFO -  insert into apt_sale_stats_ne Starting...
2021-03-05 10:23:18,427 - INFO -  insert into apt_sale_stats_ne Completed : 1485
2021-03-05 10:23:18,428 - INFO - delete from apt_ma_new where Starting...
2021-03-05 10:23:35,216 - INFO - delete from apt_ma_new where Completed : 313891
2021-03-05 10:23:35,217 - INFO -  insert into apt_ma_new  Starting...
2021-03-05 10:24:16,782 - INFO -  insert into apt_ma_new  Completed : 348434
2021-03-05 10:24:16,782 - INFO - delete from apt_region_ma_new Starting...
2021-03-05 10:24:39,576 - INFO - delete from apt_region_ma_new Completed : 371187
2021-03-05 10:24:39,576 - INFO -  insert into apt_region_ma_new Starting...
2021-03-05 10:25:24,507 - INFO -  insert into apt_region_ma_new Completed : 410074
2021-03-05 10:25:24,508 - INFO -  update job_log set   end_dt Starting...
2021-03-05 10:25:24,527 - INFO -  update job_log set   end_dt Completed : 1
2021-03-05 10:25:24,527 - INFO - 200709 : starting...
2021-03-05 10:25:24,527 - INFO - insert into job_log values(%s, Starting...
2021-03-05 10:25:24,560 - INFO - insert into job_log values(%s, Completed : 1
2021-03-05 10:25:24,560 - INFO - delete from tmp_ym where Starting...
2021-03-05 10:25:24,577 - INFO - delete from tmp_ym where Completed : 1
2021-03-05 10:25:24,577 - INFO - insert into tmp_ym values('200 Starting...
2021-03-05 10:25:24,593 - INFO - insert into tmp_ym values('200 Completed : 1
2021-03-05 10:25:24,593 - INFO - truncate tmp_raw_data_new Starting...
2021-03-05 10:25:24,925 - INFO - truncate tmp_raw_data_new Completed : 0
2021-03-05 10:25:24,925 - INFO - truncate tmp_raw_data2_new Starting...
2021-03-05 10:25:25,173 - INFO - truncate tmp_raw_data2_new Completed : 0
2021-03-05 10:25:25,174 - INFO - get_and_load starting...
2021-03-05 10:35:01,948 - INFO -  LOAD DATA INFILE %s INTO Starting...
2021-03-05 10:35:03,679 - INFO -  LOAD DATA INFILE %s INTO Completed : 34792
2021-03-05 10:35:03,679 - INFO -  insert into tmp_raw_data2_new Starting...
2021-03-05 10:35:05,241 - INFO -  insert into tmp_raw_data2_new Completed : 34792
2021-03-05 10:35:05,293 - INFO - get_and_load completed : 34792
2021-03-05 10:35:05,293 - INFO -  insert into apt_master_new   Starting...
2021-03-05 10:35:14,464 - INFO -  insert into apt_master_new   Completed : 104
2021-03-05 10:35:14,464 - INFO -  update tmp_raw_data2_new a Starting...
2021-03-05 10:35:16,194 - INFO -  update tmp_raw_data2_new a Completed : 34792
2021-03-05 10:35:16,194 - INFO - insert into raw_data_new Starting...
2021-03-05 10:35:17,364 - INFO - insert into raw_data_new Completed : 34792
2021-03-05 10:35:17,364 - INFO -  insert into apt_sale_new  Starting...
2021-03-05 10:35:19,197 - INFO -  insert into apt_sale_new  Completed : 34792
2021-03-05 10:35:19,198 - INFO -  insert into apt_sale_deleted Starting...
2021-03-05 10:35:25,451 - INFO -  insert into apt_sale_deleted Completed : 0
2021-03-05 10:35:25,451 - INFO - delete from apt_sale_new Starting...
2021-03-05 10:35:25,452 - INFO - delete from apt_sale_new Completed : 0
2021-03-05 10:35:25,452 - INFO - delete from apt_sale_stats_new Starting...
2021-03-05 10:35:25,453 - INFO - delete from apt_sale_stats_new Completed : 0
2021-03-05 10:35:25,454 - INFO -  insert into apt_sale_stats_ne Starting...
2021-03-05 10:35:26,815 - INFO -  insert into apt_sale_stats_ne Completed : 10403
2021-03-05 10:35:26,815 - INFO -  insert into apt_sale_stats_ne Starting...
2021-03-05 10:35:27,122 - INFO -  insert into apt_sale_stats_ne Completed : 1119
2021-03-05 10:35:27,123 - INFO -  insert into apt_sale_stats_ne Starting...
2021-03-05 10:35:27,980 - INFO -  insert into apt_sale_stats_ne Completed : 7048
2021-03-05 10:35:27,980 - INFO -  insert into apt_sale_stats_ne Starting...
2021-03-05 10:35:28,246 - INFO -  insert into apt_sale_stats_ne Completed : 1474
2021-03-05 10:35:28,246 - INFO - delete from apt_ma_new where Starting...
2021-03-05 10:35:41,300 - INFO - delete from apt_ma_new where Completed : 310844
2021-03-05 10:35:41,300 - INFO -  insert into apt_ma_new  Starting...
2021-03-05 10:36:20,935 - INFO -  insert into apt_ma_new  Completed : 343589
2021-03-05 10:36:20,936 - INFO - delete from apt_region_ma_new Starting...
2021-03-05 10:36:42,060 - INFO - delete from apt_region_ma_new Completed : 369500
2021-03-05 10:36:42,061 - INFO -  insert into apt_region_ma_new Starting...
2021-03-05 10:37:28,921 - INFO -  insert into apt_region_ma_new Completed : 406395
2021-03-05 10:37:28,922 - INFO -  update job_log set   end_dt Starting...
2021-03-05 10:37:28,971 - INFO -  update job_log set   end_dt Completed : 1
2021-03-05 10:37:28,971 - INFO - 200710 : starting...
2021-03-05 10:37:28,972 - INFO - insert into job_log values(%s, Starting...
2021-03-05 10:37:28,990 - INFO - insert into job_log values(%s, Completed : 1
2021-03-05 10:37:28,991 - INFO - delete from tmp_ym where Starting...
2021-03-05 10:37:29,019 - INFO - delete from tmp_ym where Completed : 1
2021-03-05 10:37:29,019 - INFO - insert into tmp_ym values('200 Starting...
2021-03-05 10:37:29,038 - INFO - insert into tmp_ym values('200 Completed : 1
2021-03-05 10:37:29,038 - INFO - truncate tmp_raw_data_new Starting...
2021-03-05 10:37:29,420 - INFO - truncate tmp_raw_data_new Completed : 0
2021-03-05 10:37:29,420 - INFO - truncate tmp_raw_data2_new Starting...
2021-03-05 10:37:29,701 - INFO - truncate tmp_raw_data2_new Completed : 0
2021-03-05 10:37:29,701 - INFO - get_and_load starting...
2021-03-05 10:47:43,177 - INFO -  LOAD DATA INFILE %s INTO Starting...
2021-03-05 10:47:45,294 - INFO -  LOAD DATA INFILE %s INTO Completed : 51564
2021-03-05 10:47:45,295 - INFO -  insert into tmp_raw_data2_new Starting...
2021-03-05 10:47:47,513 - INFO -  insert into tmp_raw_data2_new Completed : 51564
2021-03-05 10:47:47,598 - INFO - get_and_load completed : 51564
2021-03-05 10:47:47,598 - INFO -  insert into apt_master_new   Starting...
2021-03-05 10:48:00,338 - INFO -  insert into apt_master_new   Completed : 160
2021-03-05 10:48:00,339 - INFO -  update tmp_raw_data2_new a Starting...
2021-03-05 10:48:02,963 - INFO -  update tmp_raw_data2_new a Completed : 51564
2021-03-05 10:48:02,964 - INFO - insert into raw_data_new Starting...
2021-03-05 10:48:04,957 - INFO - insert into raw_data_new Completed : 51564
2021-03-05 10:48:04,958 - INFO -  insert into apt_sale_new  Starting...
2021-03-05 10:48:08,921 - INFO -  insert into apt_sale_new  Completed : 51564
2021-03-05 10:48:08,921 - INFO -  insert into apt_sale_deleted Starting...
2021-03-05 10:48:14,997 - INFO -  insert into apt_sale_deleted Completed : 0
2021-03-05 10:48:14,998 - INFO - delete from apt_sale_new Starting...
2021-03-05 10:48:14,999 - INFO - delete from apt_sale_new Completed : 0
2021-03-05 10:48:14,999 - INFO - delete from apt_sale_stats_new Starting...
2021-03-05 10:48:15,018 - INFO - delete from apt_sale_stats_new Completed : 0
2021-03-05 10:48:15,018 - INFO -  insert into apt_sale_stats_ne Starting...
2021-03-05 10:48:18,342 - INFO -  insert into apt_sale_stats_ne Completed : 12625
2021-03-05 10:48:18,342 - INFO -  insert into apt_sale_stats_ne Starting...
2021-03-05 10:48:18,699 - INFO -  insert into apt_sale_stats_ne Completed : 1353
2021-03-05 10:48:18,699 - INFO -  insert into apt_sale_stats_ne Starting...
2021-03-05 10:48:19,759 - INFO -  insert into apt_sale_stats_ne Completed : 8077
2021-03-05 10:48:19,759 - INFO -  insert into apt_sale_stats_ne Starting...
2021-03-05 10:48:19,983 - INFO -  insert into apt_sale_stats_ne Completed : 1545
2021-03-05 10:48:19,984 - INFO - delete from apt_ma_new where Starting...
2021-03-05 10:48:37,923 - INFO - delete from apt_ma_new where Completed : 306243
2021-03-05 10:48:37,923 - INFO -  insert into apt_ma_new  Starting...
2021-03-05 10:49:20,023 - INFO -  insert into apt_ma_new  Completed : 352065
2021-03-05 10:49:20,023 - INFO - delete from apt_region_ma_new Starting...
2021-03-05 10:49:43,793 - INFO - delete from apt_region_ma_new Completed : 365936
2021-03-05 10:49:43,793 - INFO -  insert into apt_region_ma_new Starting...
2021-03-05 10:50:27,178 - INFO -  insert into apt_region_ma_new Completed : 415112
2021-03-05 10:50:27,178 - INFO -  update job_log set   end_dt Starting...
2021-03-05 10:50:27,217 - INFO -  update job_log set   end_dt Completed : 1
2021-03-05 10:50:27,217 - INFO - 200711 : starting...
2021-03-05 10:50:27,217 - INFO - insert into job_log values(%s, Starting...
2021-03-05 10:50:27,257 - INFO - insert into job_log values(%s, Completed : 1
2021-03-05 10:50:27,257 - INFO - delete from tmp_ym where Starting...
2021-03-05 10:50:27,277 - INFO - delete from tmp_ym where Completed : 1
2021-03-05 10:50:27,277 - INFO - insert into tmp_ym values('200 Starting...
2021-03-05 10:50:27,316 - INFO - insert into tmp_ym values('200 Completed : 1
2021-03-05 10:50:27,316 - INFO - truncate tmp_raw_data_new Starting...
2021-03-05 10:50:27,768 - INFO - truncate tmp_raw_data_new Completed : 0
2021-03-05 10:50:27,769 - INFO - truncate tmp_raw_data2_new Starting...
2021-03-05 10:50:28,024 - INFO - truncate tmp_raw_data2_new Completed : 0
2021-03-05 10:50:28,024 - INFO - get_and_load starting...
2021-03-05 10:58:57,570 - INFO -  LOAD DATA INFILE %s INTO Starting...
2021-03-05 10:58:59,510 - INFO -  LOAD DATA INFILE %s INTO Completed : 44650
2021-03-05 10:58:59,510 - INFO -  insert into tmp_raw_data2_new Starting...
2021-03-05 10:59:01,528 - INFO -  insert into tmp_raw_data2_new Completed : 44650
2021-03-05 10:59:01,608 - INFO - get_and_load completed : 44650
2021-03-05 10:59:01,608 - INFO -  insert into apt_master_new   Starting...
2021-03-05 10:59:12,052 - INFO -  insert into apt_master_new   Completed : 126
2021-03-05 10:59:12,053 - INFO -  update tmp_raw_data2_new a Starting...
2021-03-05 10:59:15,158 - INFO -  update tmp_raw_data2_new a Completed : 44650
2021-03-05 10:59:15,159 - INFO - insert into raw_data_new Starting...
2021-03-05 10:59:16,707 - INFO - insert into raw_data_new Completed : 44650
2021-03-05 10:59:16,707 - INFO -  insert into apt_sale_new  Starting...
2021-03-05 10:59:18,899 - INFO -  insert into apt_sale_new  Completed : 44650
2021-03-05 10:59:18,900 - INFO -  insert into apt_sale_deleted Starting...
2021-03-05 12:16:01,270 - INFO -  insert into apt_sale_deleted Completed : 0
2021-03-05 12:16:01,273 - INFO - delete from apt_sale_new Starting...
2021-03-05 12:16:01,276 - INFO - delete from apt_sale_new Completed : 0
2021-03-05 12:16:01,276 - INFO - delete from apt_sale_stats_new Starting...
2021-03-05 12:16:01,277 - INFO - delete from apt_sale_stats_new Completed : 0
2021-03-05 12:16:01,278 - INFO -  insert into apt_sale_stats_ne Starting...
2021-03-05 12:16:03,107 - INFO -  insert into apt_sale_stats_ne Completed : 11716
2021-03-05 12:16:03,107 - INFO -  insert into apt_sale_stats_ne Starting...
2021-03-05 12:16:03,544 - INFO -  insert into apt_sale_stats_ne Completed : 1240
2021-03-05 12:16:03,544 - INFO -  insert into apt_sale_stats_ne Starting...
2021-03-05 12:16:04,668 - INFO -  insert into apt_sale_stats_ne Completed : 7717
2021-03-05 12:16:04,668 - INFO -  insert into apt_sale_stats_ne Starting...
2021-03-05 12:16:04,946 - INFO -  insert into apt_sale_stats_ne Completed : 1522
2021-03-05 12:16:04,947 - INFO - delete from apt_ma_new where Starting...
2021-03-05 12:16:23,133 - INFO - delete from apt_ma_new where Completed : 314999
2021-03-05 12:16:23,135 - INFO -  insert into apt_ma_new  Starting...
2021-03-05 12:17:39,578 - INFO -  insert into apt_ma_new  Completed : 352874
2021-03-05 12:17:39,578 - INFO - delete from apt_region_ma_new Starting...
2021-03-05 12:18:12,035 - INFO - delete from apt_region_ma_new Completed : 374719
2021-03-05 12:18:12,035 - INFO -  insert into apt_region_ma_new Starting...
2021-03-05 12:19:13,550 - INFO -  insert into apt_region_ma_new Completed : 416224
2021-03-05 12:19:13,551 - INFO -  update job_log set   end_dt Starting...
2021-03-05 12:19:13,641 - INFO -  update job_log set   end_dt Completed : 1
2021-03-05 12:19:13,641 - INFO - 200712 : starting...
2021-03-05 12:19:13,641 - INFO - insert into job_log values(%s, Starting...
2021-03-05 12:19:13,682 - INFO - insert into job_log values(%s, Completed : 1
2021-03-05 12:19:13,683 - INFO - delete from tmp_ym where Starting...
2021-03-05 12:19:13,714 - INFO - delete from tmp_ym where Completed : 1
2021-03-05 12:19:13,715 - INFO - insert into tmp_ym values('200 Starting...
2021-03-05 12:19:13,757 - INFO - insert into tmp_ym values('200 Completed : 1
2021-03-05 12:19:13,758 - INFO - truncate tmp_raw_data_new Starting...
2021-03-05 12:19:14,273 - INFO - truncate tmp_raw_data_new Completed : 0
2021-03-05 12:19:14,274 - INFO - truncate tmp_raw_data2_new Starting...
2021-03-05 12:19:14,543 - INFO - truncate tmp_raw_data2_new Completed : 0
2021-03-05 12:19:14,543 - INFO - get_and_load starting...
2021-03-05 12:26:29,953 - INFO -  LOAD DATA INFILE %s INTO Starting...
2021-03-05 12:26:31,764 - INFO -  LOAD DATA INFILE %s INTO Completed : 43228
2021-03-05 12:26:31,765 - INFO -  insert into tmp_raw_data2_new Starting...
2021-03-05 12:26:33,679 - INFO -  insert into tmp_raw_data2_new Completed : 43228
2021-03-05 12:26:33,747 - INFO - get_and_load completed : 43228
2021-03-05 12:26:33,747 - INFO -  insert into apt_master_new   Starting...
2021-03-05 12:26:44,637 - INFO -  insert into apt_master_new   Completed : 108
2021-03-05 12:26:44,638 - INFO -  update tmp_raw_data2_new a Starting...
2021-03-05 12:26:46,750 - INFO -  update tmp_raw_data2_new a Completed : 43228
2021-03-05 12:26:46,750 - INFO - insert into raw_data_new Starting...
2021-03-05 12:26:48,258 - INFO - insert into raw_data_new Completed : 43228
2021-03-05 12:26:48,258 - INFO -  insert into apt_sale_new  Starting...
2021-03-05 12:26:50,202 - INFO -  insert into apt_sale_new  Completed : 43228
2021-03-05 12:26:50,203 - INFO -  insert into apt_sale_deleted Starting...
2021-03-05 12:26:59,118 - INFO -  insert into apt_sale_deleted Completed : 0
2021-03-05 12:26:59,118 - INFO - delete from apt_sale_new Starting...
2021-03-05 12:26:59,119 - INFO - delete from apt_sale_new Completed : 0
2021-03-05 12:26:59,119 - INFO - delete from apt_sale_stats_new Starting...
2021-03-05 12:26:59,120 - INFO - delete from apt_sale_stats_new Completed : 0
2021-03-05 12:26:59,122 - INFO -  insert into apt_sale_stats_ne Starting...
2021-03-05 12:27:00,240 - INFO -  insert into apt_sale_stats_ne Completed : 11082
2021-03-05 12:27:00,241 - INFO -  insert into apt_sale_stats_ne Starting...
2021-03-05 12:27:00,519 - INFO -  insert into apt_sale_stats_ne Completed : 1250
2021-03-05 12:27:00,520 - INFO -  insert into apt_sale_stats_ne Starting...
2021-03-05 12:27:01,290 - INFO -  insert into apt_sale_stats_ne Completed : 7479
2021-03-05 12:27:01,290 - INFO -  insert into apt_sale_stats_ne Starting...
2021-03-05 12:27:01,546 - INFO -  insert into apt_sale_stats_ne Completed : 1498
2021-03-05 12:27:01,546 - INFO - delete from apt_ma_new where Starting...
2021-03-05 12:27:14,666 - INFO - delete from apt_ma_new where Completed : 316314
2021-03-05 12:27:14,666 - INFO -  insert into apt_ma_new  Starting...
2021-03-05 12:27:56,532 - INFO -  insert into apt_ma_new  Completed : 351591
2021-03-05 12:27:56,532 - INFO - delete from apt_region_ma_new Starting...
2021-03-05 12:28:19,280 - INFO - delete from apt_region_ma_new Completed : 376083
2021-03-05 12:28:19,281 - INFO -  insert into apt_region_ma_new Starting...
2021-03-05 12:29:06,383 - INFO -  insert into apt_region_ma_new Completed : 415837
2021-03-05 12:29:06,383 - INFO -  update job_log set   end_dt Starting...
2021-03-05 12:29:06,418 - INFO -  update job_log set   end_dt Completed : 1
2021-03-05 12:29:06,419 - INFO - 200801 : starting...
2021-03-05 12:29:06,419 - INFO - insert into job_log values(%s, Starting...
2021-03-05 12:29:06,441 - INFO - insert into job_log values(%s, Completed : 1
2021-03-05 12:29:06,442 - INFO - delete from tmp_ym where Starting...
2021-03-05 12:29:06,485 - INFO - delete from tmp_ym where Completed : 1
2021-03-05 12:29:06,486 - INFO - insert into tmp_ym values('200 Starting...
2021-03-05 12:29:06,517 - INFO - insert into tmp_ym values('200 Completed : 1
2021-03-05 12:29:06,517 - INFO - truncate tmp_raw_data_new Starting...
2021-03-05 12:29:06,873 - INFO - truncate tmp_raw_data_new Completed : 0
2021-03-05 12:29:06,873 - INFO - truncate tmp_raw_data2_new Starting...
2021-03-05 12:29:07,136 - INFO - truncate tmp_raw_data2_new Completed : 0
2021-03-05 12:29:07,136 - INFO - get_and_load starting...
2021-03-05 12:36:51,212 - INFO -  LOAD DATA INFILE %s INTO Starting...
2021-03-05 12:36:53,165 - INFO -  LOAD DATA INFILE %s INTO Completed : 47918
2021-03-05 12:36:53,166 - INFO -  insert into tmp_raw_data2_new Starting...
2021-03-05 12:36:55,098 - INFO -  insert into tmp_raw_data2_new Completed : 47918
2021-03-05 12:36:55,170 - INFO - get_and_load completed : 47918
2021-03-05 12:36:55,170 - INFO -  insert into apt_master_new   Starting...
2021-03-05 12:37:07,130 - INFO -  insert into apt_master_new   Completed : 105
2021-03-05 12:37:07,130 - INFO -  update tmp_raw_data2_new a Starting...
2021-03-05 12:37:09,475 - INFO -  update tmp_raw_data2_new a Completed : 47918
2021-03-05 12:37:09,476 - INFO - insert into raw_data_new Starting...
2021-03-05 12:37:11,068 - INFO - insert into raw_data_new Completed : 47918
2021-03-05 12:37:11,068 - INFO -  insert into apt_sale_new  Starting...
2021-03-05 12:37:13,489 - INFO -  insert into apt_sale_new  Completed : 47918
2021-03-05 12:37:13,490 - INFO -  insert into apt_sale_deleted Starting...
2021-03-05 12:37:22,709 - INFO -  insert into apt_sale_deleted Completed : 0
2021-03-05 12:37:22,709 - INFO - delete from apt_sale_new Starting...
2021-03-05 12:37:22,710 - INFO - delete from apt_sale_new Completed : 0
2021-03-05 12:37:22,711 - INFO - delete from apt_sale_stats_new Starting...
2021-03-05 12:37:22,712 - INFO - delete from apt_sale_stats_new Completed : 0
2021-03-05 12:37:22,712 - INFO -  insert into apt_sale_stats_ne Starting...
2021-03-05 12:37:24,035 - INFO -  insert into apt_sale_stats_ne Completed : 11836
2021-03-05 12:37:24,035 - INFO -  insert into apt_sale_stats_ne Starting...
2021-03-05 12:37:24,374 - INFO -  insert into apt_sale_stats_ne Completed : 1293
2021-03-05 12:37:24,375 - INFO -  insert into apt_sale_stats_ne Starting...
2021-03-05 12:37:25,245 - INFO -  insert into apt_sale_stats_ne Completed : 7753
2021-03-05 12:37:25,245 - INFO -  insert into apt_sale_stats_ne Starting...
2021-03-05 12:37:25,462 - INFO -  insert into apt_sale_stats_ne Completed : 1539
2021-03-05 12:37:25,462 - INFO - delete from apt_ma_new where Starting...
2021-03-05 12:37:38,599 - INFO - delete from apt_ma_new where Completed : 315403
2021-03-05 12:37:38,599 - INFO -  insert into apt_ma_new  Starting...
2021-03-05 12:38:21,659 - INFO -  insert into apt_ma_new  Completed : 353646
2021-03-05 12:38:21,660 - INFO - delete from apt_region_ma_new Starting...
2021-03-05 12:38:45,014 - INFO - delete from apt_region_ma_new Completed : 375887
2021-03-05 12:38:45,015 - INFO -  insert into apt_region_ma_new Starting...
2021-03-05 12:39:32,191 - INFO -  insert into apt_region_ma_new Completed : 417851
2021-03-05 12:39:32,192 - INFO -  update job_log set   end_dt Starting...
2021-03-05 12:39:32,256 - INFO -  update job_log set   end_dt Completed : 1
2021-03-05 12:39:32,257 - INFO - 200802 : starting...
2021-03-05 12:39:32,257 - INFO - insert into job_log values(%s, Starting...
2021-03-05 12:39:32,291 - INFO - insert into job_log values(%s, Completed : 1
2021-03-05 12:39:32,291 - INFO - delete from tmp_ym where Starting...
2021-03-05 12:39:32,341 - INFO - delete from tmp_ym where Completed : 1
2021-03-05 12:39:32,341 - INFO - insert into tmp_ym values('200 Starting...
2021-03-05 12:39:32,360 - INFO - insert into tmp_ym values('200 Completed : 1
2021-03-05 12:39:32,360 - INFO - truncate tmp_raw_data_new Starting...
2021-03-05 12:39:32,726 - INFO - truncate tmp_raw_data_new Completed : 0
2021-03-05 12:39:32,727 - INFO - truncate tmp_raw_data2_new Starting...
2021-03-05 12:39:33,010 - INFO - truncate tmp_raw_data2_new Completed : 0
2021-03-05 12:39:33,010 - INFO - get_and_load starting...
2021-03-05 12:47:02,136 - INFO -  LOAD DATA INFILE %s INTO Starting...
2021-03-05 12:47:03,965 - INFO -  LOAD DATA INFILE %s INTO Completed : 46585
2021-03-05 12:47:03,966 - INFO -  insert into tmp_raw_data2_new Starting...
2021-03-05 12:47:06,030 - INFO -  insert into tmp_raw_data2_new Completed : 46585
2021-03-05 12:47:06,134 - INFO - get_and_load completed : 46585
2021-03-05 12:47:06,134 - INFO -  insert into apt_master_new   Starting...
2021-03-05 12:47:17,395 - INFO -  insert into apt_master_new   Completed : 93
2021-03-05 12:47:17,395 - INFO -  update tmp_raw_data2_new a Starting...
2021-03-05 12:47:19,644 - INFO -  update tmp_raw_data2_new a Completed : 46585
2021-03-05 12:47:19,644 - INFO - insert into raw_data_new Starting...
2021-03-05 12:47:21,149 - INFO - insert into raw_data_new Completed : 46585
2021-03-05 12:47:21,149 - INFO -  insert into apt_sale_new  Starting...
2021-03-05 12:47:23,679 - INFO -  insert into apt_sale_new  Completed : 46585
2021-03-05 12:47:23,680 - INFO -  insert into apt_sale_deleted Starting...
2021-03-05 14:15:05,826 - INFO -  insert into apt_sale_deleted Completed : 0
2021-03-05 14:15:05,827 - INFO - delete from apt_sale_new Starting...
2021-03-05 14:15:05,829 - INFO - delete from apt_sale_new Completed : 0
2021-03-05 14:15:05,829 - INFO - delete from apt_sale_stats_new Starting...
2021-03-05 14:15:05,830 - INFO - delete from apt_sale_stats_new Completed : 0
2021-03-05 14:15:05,830 - INFO -  insert into apt_sale_stats_ne Starting...
2021-03-05 14:15:07,636 - INFO -  insert into apt_sale_stats_ne Completed : 12200
2021-03-05 14:15:07,637 - INFO -  insert into apt_sale_stats_ne Starting...
2021-03-05 14:15:08,083 - INFO -  insert into apt_sale_stats_ne Completed : 1352
2021-03-05 14:15:08,084 - INFO -  insert into apt_sale_stats_ne Starting...
2021-03-05 14:15:08,949 - INFO -  insert into apt_sale_stats_ne Completed : 7949
2021-03-05 14:15:08,949 - INFO -  insert into apt_sale_stats_ne Starting...
2021-03-05 14:15:09,183 - INFO -  insert into apt_sale_stats_ne Completed : 1546
2021-03-05 14:15:09,184 - INFO - delete from apt_ma_new where Starting...
2021-03-05 14:15:26,408 - INFO - delete from apt_ma_new where Completed : 317422
2021-03-05 14:15:26,409 - INFO -  insert into apt_ma_new  Starting...
2021-03-05 14:16:49,226 - INFO -  insert into apt_ma_new  Completed : 356791
2021-03-05 14:16:49,227 - INFO - delete from apt_region_ma_new Starting...
2021-03-05 14:17:23,207 - INFO - delete from apt_region_ma_new Completed : 377820
2021-03-05 14:17:23,220 - INFO -  insert into apt_region_ma_new Starting...
2021-03-05 14:18:36,888 - INFO -  insert into apt_region_ma_new Completed : 421257
2021-03-05 14:18:36,889 - INFO -  update job_log set   end_dt Starting...
2021-03-05 14:18:36,984 - INFO -  update job_log set   end_dt Completed : 1
2021-03-05 14:18:36,985 - INFO - 200803 : starting...
2021-03-05 14:18:36,985 - INFO - insert into job_log values(%s, Starting...
2021-03-05 14:18:37,003 - INFO - insert into job_log values(%s, Completed : 1
2021-03-05 14:18:37,004 - INFO - delete from tmp_ym where Starting...
2021-03-05 14:18:37,043 - INFO - delete from tmp_ym where Completed : 1
2021-03-05 14:18:37,044 - INFO - insert into tmp_ym values('200 Starting...
2021-03-05 14:18:37,086 - INFO - insert into tmp_ym values('200 Completed : 1
2021-03-05 14:18:37,087 - INFO - truncate tmp_raw_data_new Starting...
2021-03-05 14:18:37,588 - INFO - truncate tmp_raw_data_new Completed : 0
2021-03-05 14:18:37,589 - INFO - truncate tmp_raw_data2_new Starting...
2021-03-05 14:18:37,936 - INFO - truncate tmp_raw_data2_new Completed : 0
2021-03-05 14:18:37,936 - INFO - get_and_load starting...
2021-03-05 14:28:32,807 - INFO -  LOAD DATA INFILE %s INTO Starting...
2021-03-05 14:28:35,650 - INFO -  LOAD DATA INFILE %s INTO Completed : 67554
2021-03-05 14:28:35,650 - INFO -  insert into tmp_raw_data2_new Starting...
2021-03-05 14:28:38,811 - INFO -  insert into tmp_raw_data2_new Completed : 67554
2021-03-05 14:28:38,930 - INFO - get_and_load completed : 67554
2021-03-05 14:28:38,930 - INFO -  insert into apt_master_new   Starting...
2021-03-05 14:28:56,039 - INFO -  insert into apt_master_new   Completed : 117
2021-03-05 14:28:56,040 - INFO -  update tmp_raw_data2_new a Starting...
2021-03-05 14:29:00,597 - INFO -  update tmp_raw_data2_new a Completed : 67554
2021-03-05 14:29:00,597 - INFO - insert into raw_data_new Starting...
2021-03-05 14:29:07,363 - INFO - insert into raw_data_new Completed : 67554
2021-03-05 14:29:07,363 - INFO -  insert into apt_sale_new  Starting...
2021-03-05 14:29:13,412 - INFO -  insert into apt_sale_new  Completed : 67554
2021-03-05 14:29:13,413 - INFO -  insert into apt_sale_deleted Starting...
2021-03-05 14:29:21,699 - INFO -  insert into apt_sale_deleted Completed : 0
2021-03-05 14:29:21,699 - INFO - delete from apt_sale_new Starting...
2021-03-05 14:29:21,700 - INFO - delete from apt_sale_new Completed : 0
2021-03-05 14:29:21,700 - INFO - delete from apt_sale_stats_new Starting...
2021-03-05 14:29:21,701 - INFO - delete from apt_sale_stats_new Completed : 0
2021-03-05 14:29:21,701 - INFO -  insert into apt_sale_stats_ne Starting...
2021-03-05 14:29:23,743 - INFO -  insert into apt_sale_stats_ne Completed : 14071
2021-03-05 14:29:23,743 - INFO -  insert into apt_sale_stats_ne Starting...
2021-03-05 14:29:25,596 - INFO -  insert into apt_sale_stats_ne Completed : 1637
2021-03-05 14:29:25,596 - INFO -  insert into apt_sale_stats_ne Starting...
2021-03-05 14:29:26,893 - INFO -  insert into apt_sale_stats_ne Completed : 8765
2021-03-05 14:29:26,894 - INFO -  insert into apt_sale_stats_ne Starting...
2021-03-05 14:29:27,127 - INFO -  insert into apt_sale_stats_ne Completed : 1598
2021-03-05 14:29:27,128 - INFO - delete from apt_ma_new where Starting...
2021-03-05 14:29:43,255 - INFO - delete from apt_ma_new where Completed : 320369
2021-03-05 14:29:43,255 - INFO -  insert into apt_ma_new  Starting...
2021-03-05 14:30:33,056 - INFO -  insert into apt_ma_new  Completed : 371556
2021-03-05 14:30:33,057 - INFO - delete from apt_region_ma_new Starting...
2021-03-05 14:30:59,737 - INFO - delete from apt_region_ma_new Completed : 381019
2021-03-05 14:30:59,737 - INFO -  insert into apt_region_ma_new Starting...
2021-03-05 14:31:49,606 - INFO -  insert into apt_region_ma_new Completed : 433571
2021-03-05 14:31:49,606 - INFO -  update job_log set   end_dt Starting...
2021-03-05 14:31:49,650 - INFO -  update job_log set   end_dt Completed : 1
2021-03-05 14:31:49,650 - INFO - 200804 : starting...
2021-03-05 14:31:49,651 - INFO - insert into job_log values(%s, Starting...
2021-03-05 14:31:49,697 - INFO - insert into job_log values(%s, Completed : 1
2021-03-05 14:31:49,698 - INFO - delete from tmp_ym where Starting...
2021-03-05 14:31:49,723 - INFO - delete from tmp_ym where Completed : 1
2021-03-05 14:31:49,723 - INFO - insert into tmp_ym values('200 Starting...
2021-03-05 14:31:49,756 - INFO - insert into tmp_ym values('200 Completed : 1
2021-03-05 14:31:49,756 - INFO - truncate tmp_raw_data_new Starting...
2021-03-05 14:31:50,289 - INFO - truncate tmp_raw_data_new Completed : 0
2021-03-05 14:31:50,290 - INFO - truncate tmp_raw_data2_new Starting...
2021-03-05 14:31:50,632 - INFO - truncate tmp_raw_data2_new Completed : 0
2021-03-05 14:31:50,632 - INFO - get_and_load starting...
2021-03-05 14:41:08,154 - INFO -  LOAD DATA INFILE %s INTO Starting...
2021-03-05 14:41:10,816 - INFO -  LOAD DATA INFILE %s INTO Completed : 62684
2021-03-05 14:41:10,816 - INFO -  insert into tmp_raw_data2_new Starting...
2021-03-05 14:41:13,554 - INFO -  insert into tmp_raw_data2_new Completed : 62684
2021-03-05 14:41:13,658 - INFO - get_and_load completed : 62684
2021-03-05 14:41:13,659 - INFO -  insert into apt_master_new   Starting...
2021-03-05 14:41:29,787 - INFO -  insert into apt_master_new   Completed : 88
2021-03-05 14:41:29,787 - INFO -  update tmp_raw_data2_new a Starting...
2021-03-05 14:41:32,904 - INFO -  update tmp_raw_data2_new a Completed : 62684
2021-03-05 14:41:32,905 - INFO - insert into raw_data_new Starting...
2021-03-05 14:41:35,111 - INFO - insert into raw_data_new Completed : 62684
2021-03-05 14:41:35,111 - INFO -  insert into apt_sale_new  Starting...
2021-03-05 14:41:38,297 - INFO -  insert into apt_sale_new  Completed : 62684
2021-03-05 14:41:38,298 - INFO -  insert into apt_sale_deleted Starting...
2021-03-05 14:41:47,885 - INFO -  insert into apt_sale_deleted Completed : 0
2021-03-05 14:41:47,885 - INFO - delete from apt_sale_new Starting...
2021-03-05 14:41:47,886 - INFO - delete from apt_sale_new Completed : 0
2021-03-05 14:41:47,886 - INFO - delete from apt_sale_stats_new Starting...
2021-03-05 14:41:47,887 - INFO - delete from apt_sale_stats_new Completed : 0
2021-03-05 14:41:47,887 - INFO -  insert into apt_sale_stats_ne Starting...
2021-03-05 14:41:49,304 - INFO -  insert into apt_sale_stats_ne Completed : 13716
2021-03-05 14:41:49,305 - INFO -  insert into apt_sale_stats_ne Starting...
2021-03-05 14:41:49,783 - INFO -  insert into apt_sale_stats_ne Completed : 1662
2021-03-05 14:41:49,784 - INFO -  insert into apt_sale_stats_ne Starting...
2021-03-05 14:41:50,747 - INFO -  insert into apt_sale_stats_ne Completed : 8698
2021-03-05 14:41:50,747 - INFO -  insert into apt_sale_stats_ne Starting...
2021-03-05 14:41:50,958 - INFO -  insert into apt_sale_stats_ne Completed : 1644
2021-03-05 14:41:50,958 - INFO - delete from apt_ma_new where Starting...
2021-03-05 14:42:05,150 - INFO - delete from apt_ma_new where Completed : 334650
2021-03-05 14:42:05,150 - INFO -  insert into apt_ma_new  Starting...
2021-03-05 14:42:54,079 - INFO -  insert into apt_ma_new  Completed : 378455
2021-03-05 14:42:54,079 - INFO - delete from apt_region_ma_new Starting...
2021-03-05 14:43:23,779 - INFO - delete from apt_region_ma_new Completed : 392953
2021-03-05 14:43:23,779 - INFO -  insert into apt_region_ma_new Starting...
2021-03-05 14:44:12,568 - INFO -  insert into apt_region_ma_new Completed : 439640
2021-03-05 14:44:12,568 - INFO -  update job_log set   end_dt Starting...
2021-03-05 14:44:12,605 - INFO -  update job_log set   end_dt Completed : 1
2021-03-05 14:44:12,606 - INFO - 200805 : starting...
2021-03-05 14:44:12,606 - INFO - insert into job_log values(%s, Starting...
2021-03-05 14:44:12,698 - INFO - insert into job_log values(%s, Completed : 1
2021-03-05 14:44:12,699 - INFO - delete from tmp_ym where Starting...
2021-03-05 14:44:12,732 - INFO - delete from tmp_ym where Completed : 1
2021-03-05 14:44:12,732 - INFO - insert into tmp_ym values('200 Starting...
2021-03-05 14:44:12,764 - INFO - insert into tmp_ym values('200 Completed : 1
2021-03-05 14:44:12,764 - INFO - truncate tmp_raw_data_new Starting...
2021-03-05 14:44:13,110 - INFO - truncate tmp_raw_data_new Completed : 0
2021-03-05 14:44:13,110 - INFO - truncate tmp_raw_data2_new Starting...
2021-03-05 14:44:13,354 - INFO - truncate tmp_raw_data2_new Completed : 0
2021-03-05 14:44:13,355 - INFO - get_and_load starting...
2021-03-05 14:52:39,537 - INFO -  LOAD DATA INFILE %s INTO Starting...
2021-03-05 14:52:41,992 - INFO -  LOAD DATA INFILE %s INTO Completed : 56927
2021-03-05 14:52:41,992 - INFO -  insert into tmp_raw_data2_new Starting...
2021-03-05 14:52:44,622 - INFO -  insert into tmp_raw_data2_new Completed : 56927
2021-03-05 14:52:44,717 - INFO - get_and_load completed : 56927
2021-03-05 14:52:44,717 - INFO -  insert into apt_master_new   Starting...
2021-03-05 14:52:58,820 - INFO -  insert into apt_master_new   Completed : 85
2021-03-05 14:52:58,821 - INFO -  update tmp_raw_data2_new a Starting...
2021-03-05 14:53:01,834 - INFO -  update tmp_raw_data2_new a Completed : 56927
2021-03-05 14:53:01,835 - INFO - insert into raw_data_new Starting...
2021-03-05 14:53:07,765 - INFO - insert into raw_data_new Completed : 56927
2021-03-05 14:53:07,765 - INFO -  insert into apt_sale_new  Starting...
2021-03-05 14:53:11,848 - INFO -  insert into apt_sale_new  Completed : 56927
2021-03-05 14:53:11,848 - INFO -  insert into apt_sale_deleted Starting...
2021-03-05 14:53:17,880 - INFO -  insert into apt_sale_deleted Completed : 0
2021-03-05 14:53:17,880 - INFO - delete from apt_sale_new Starting...
2021-03-05 14:53:17,881 - INFO - delete from apt_sale_new Completed : 0
2021-03-05 14:53:17,881 - INFO - delete from apt_sale_stats_new Starting...
2021-03-05 14:53:17,882 - INFO - delete from apt_sale_stats_new Completed : 0
2021-03-05 14:53:17,882 - INFO -  insert into apt_sale_stats_ne Starting...
2021-03-05 14:53:19,411 - INFO -  insert into apt_sale_stats_ne Completed : 13080
2021-03-05 14:53:19,411 - INFO -  insert into apt_sale_stats_ne Starting...
2021-03-05 14:53:19,723 - INFO -  insert into apt_sale_stats_ne Completed : 1528
2021-03-05 14:53:19,724 - INFO -  insert into apt_sale_stats_ne Starting...
2021-03-05 14:53:20,829 - INFO -  insert into apt_sale_stats_ne Completed : 8365
2021-03-05 14:53:20,829 - INFO -  insert into apt_sale_stats_ne Starting...
2021-03-05 14:53:21,435 - INFO -  insert into apt_sale_stats_ne Completed : 1585
2021-03-05 14:53:21,436 - INFO - delete from apt_ma_new where Starting...
2021-03-05 14:53:36,505 - INFO - delete from apt_ma_new where Completed : 341186
2021-03-05 14:53:36,506 - INFO -  insert into apt_ma_new  Starting...
2021-03-05 14:54:30,543 - INFO -  insert into apt_ma_new  Completed : 381067
2021-03-05 14:54:30,543 - INFO - delete from apt_region_ma_new Starting...
2021-03-05 14:54:58,628 - INFO - delete from apt_region_ma_new Completed : 398707
2021-03-05 14:54:58,628 - INFO -  insert into apt_region_ma_new Starting...
2021-03-05 14:55:45,866 - INFO -  insert into apt_region_ma_new Completed : 441548
2021-03-05 14:55:45,866 - INFO -  update job_log set   end_dt Starting...
2021-03-05 14:55:45,890 - INFO -  update job_log set   end_dt Completed : 1
2021-03-05 14:55:45,890 - INFO - 200806 : starting...
2021-03-05 14:55:45,891 - INFO - insert into job_log values(%s, Starting...
2021-03-05 14:55:45,924 - INFO - insert into job_log values(%s, Completed : 1
2021-03-05 14:55:45,924 - INFO - delete from tmp_ym where Starting...
2021-03-05 14:55:45,978 - INFO - delete from tmp_ym where Completed : 1
2021-03-05 14:55:45,978 - INFO - insert into tmp_ym values('200 Starting...
2021-03-05 14:55:46,013 - INFO - insert into tmp_ym values('200 Completed : 1
2021-03-05 14:55:46,013 - INFO - truncate tmp_raw_data_new Starting...
2021-03-05 14:55:46,262 - INFO - truncate tmp_raw_data_new Completed : 0
2021-03-05 14:55:46,262 - INFO - truncate tmp_raw_data2_new Starting...
2021-03-05 14:55:46,417 - INFO - truncate tmp_raw_data2_new Completed : 0
2021-03-05 14:55:46,417 - INFO - get_and_load starting...
2021-03-05 15:03:52,951 - INFO -  LOAD DATA INFILE %s INTO Starting...
2021-03-05 15:03:55,287 - INFO -  LOAD DATA INFILE %s INTO Completed : 53261
2021-03-05 15:03:55,288 - INFO -  insert into tmp_raw_data2_new Starting...
2021-03-05 15:03:57,772 - INFO -  insert into tmp_raw_data2_new Completed : 53261
2021-03-05 15:03:57,853 - INFO - get_and_load completed : 53261
2021-03-05 15:03:57,854 - INFO -  insert into apt_master_new   Starting...
2021-03-05 15:04:10,393 - INFO -  insert into apt_master_new   Completed : 92
2021-03-05 15:04:10,394 - INFO -  update tmp_raw_data2_new a Starting...
2021-03-05 15:04:12,992 - INFO -  update tmp_raw_data2_new a Completed : 53261
2021-03-05 15:04:12,993 - INFO - insert into raw_data_new Starting...
2021-03-05 15:04:14,890 - INFO - insert into raw_data_new Completed : 53261
2021-03-05 15:04:14,891 - INFO -  insert into apt_sale_new  Starting...
2021-03-05 15:04:17,787 - INFO -  insert into apt_sale_new  Completed : 53261
2021-03-05 15:04:17,787 - INFO -  insert into apt_sale_deleted Starting...
2021-03-05 15:04:25,264 - INFO -  insert into apt_sale_deleted Completed : 0
2021-03-05 15:04:25,264 - INFO - delete from apt_sale_new Starting...
2021-03-05 15:04:25,265 - INFO - delete from apt_sale_new Completed : 0
2021-03-05 15:04:25,265 - INFO - delete from apt_sale_stats_new Starting...
2021-03-05 15:04:25,266 - INFO - delete from apt_sale_stats_new Completed : 0
2021-03-05 15:04:25,267 - INFO -  insert into apt_sale_stats_ne Starting...
2021-03-05 15:04:27,005 - INFO -  insert into apt_sale_stats_ne Completed : 12579
2021-03-05 15:04:27,006 - INFO -  insert into apt_sale_stats_ne Starting...
2021-03-05 15:04:27,402 - INFO -  insert into apt_sale_stats_ne Completed : 1378
2021-03-05 15:04:27,403 - INFO -  insert into apt_sale_stats_ne Starting...
2021-03-05 15:04:28,368 - INFO -  insert into apt_sale_stats_ne Completed : 8151
2021-03-05 15:04:28,369 - INFO -  insert into apt_sale_stats_ne Starting...
2021-03-05 15:04:28,543 - INFO -  insert into apt_sale_stats_ne Completed : 1594
2021-03-05 15:04:28,543 - INFO - delete from apt_ma_new where Starting...
2021-03-05 15:04:43,819 - INFO - delete from apt_ma_new where Completed : 343432
2021-03-05 15:04:43,819 - INFO -  insert into apt_ma_new  Starting...
2021-03-05 15:05:38,148 - INFO -  insert into apt_ma_new  Completed : 379937
2021-03-05 15:05:38,149 - INFO - delete from apt_region_ma_new Starting...
2021-03-05 15:06:09,689 - INFO - delete from apt_region_ma_new Completed : 400330
2021-03-05 15:06:09,690 - INFO -  insert into apt_region_ma_new Starting...
2021-03-05 15:06:59,393 - INFO -  insert into apt_region_ma_new Completed : 441285
2021-03-05 15:06:59,394 - INFO -  update job_log set   end_dt Starting...
2021-03-05 15:06:59,421 - INFO -  update job_log set   end_dt Completed : 1
2021-03-05 15:06:59,421 - INFO - 200807 : starting...
2021-03-05 15:06:59,422 - INFO - insert into job_log values(%s, Starting...
2021-03-05 15:06:59,462 - INFO - insert into job_log values(%s, Completed : 1
2021-03-05 15:06:59,462 - INFO - delete from tmp_ym where Starting...
2021-03-05 15:06:59,498 - INFO - delete from tmp_ym where Completed : 1
2021-03-05 15:06:59,499 - INFO - insert into tmp_ym values('200 Starting...
2021-03-05 15:06:59,513 - INFO - insert into tmp_ym values('200 Completed : 1
2021-03-05 15:06:59,514 - INFO - truncate tmp_raw_data_new Starting...
2021-03-05 15:07:00,020 - INFO - truncate tmp_raw_data_new Completed : 0
2021-03-05 15:07:00,020 - INFO - truncate tmp_raw_data2_new Starting...
2021-03-05 15:07:00,279 - INFO - truncate tmp_raw_data2_new Completed : 0
2021-03-05 15:07:00,280 - INFO - get_and_load starting...
2021-03-05 15:14:37,067 - INFO -  LOAD DATA INFILE %s INTO Starting...
2021-03-05 15:14:39,408 - INFO -  LOAD DATA INFILE %s INTO Completed : 43006
2021-03-05 15:14:39,408 - INFO -  insert into tmp_raw_data2_new Starting...
2021-03-05 15:14:41,543 - INFO -  insert into tmp_raw_data2_new Completed : 43006
2021-03-05 15:14:41,648 - INFO - get_and_load completed : 43006
2021-03-05 15:14:41,648 - INFO -  insert into apt_master_new   Starting...
2021-03-05 15:14:52,742 - INFO -  insert into apt_master_new   Completed : 67
2021-03-05 15:14:52,743 - INFO -  update tmp_raw_data2_new a Starting...
2021-03-05 15:14:55,756 - INFO -  update tmp_raw_data2_new a Completed : 43006
2021-03-05 15:14:55,757 - INFO - insert into raw_data_new Starting...
2021-03-05 15:14:57,320 - INFO - insert into raw_data_new Completed : 43006
2021-03-05 15:14:57,321 - INFO -  insert into apt_sale_new  Starting...
2021-03-05 15:14:59,726 - INFO -  insert into apt_sale_new  Completed : 43006
2021-03-05 15:14:59,727 - INFO -  insert into apt_sale_deleted Starting...
2021-03-05 15:15:06,460 - INFO -  insert into apt_sale_deleted Completed : 0
2021-03-05 15:15:06,461 - INFO - delete from apt_sale_new Starting...
2021-03-05 15:15:06,462 - INFO - delete from apt_sale_new Completed : 0
2021-03-05 15:15:06,462 - INFO - delete from apt_sale_stats_new Starting...
2021-03-05 15:15:06,463 - INFO - delete from apt_sale_stats_new Completed : 0
2021-03-05 15:15:06,464 - INFO -  insert into apt_sale_stats_ne Starting...
2021-03-05 15:15:07,731 - INFO -  insert into apt_sale_stats_ne Completed : 11281
2021-03-05 15:15:07,732 - INFO -  insert into apt_sale_stats_ne Starting...
2021-03-05 15:15:07,992 - INFO -  insert into apt_sale_stats_ne Completed : 1026
2021-03-05 15:15:07,993 - INFO -  insert into apt_sale_stats_ne Starting...
2021-03-05 15:15:09,038 - INFO -  insert into apt_sale_stats_ne Completed : 7501
2021-03-05 15:15:09,039 - INFO -  insert into apt_sale_stats_ne Starting...
2021-03-05 15:15:09,255 - INFO -  insert into apt_sale_stats_ne Completed : 1555
2021-03-05 15:15:09,256 - INFO - delete from apt_ma_new where Starting...
2021-03-05 15:15:23,889 - INFO - delete from apt_ma_new where Completed : 342101
2021-03-05 15:15:23,889 - INFO -  insert into apt_ma_new  Starting...
2021-03-05 15:16:20,198 - INFO -  insert into apt_ma_new  Completed : 374453
2021-03-05 15:16:20,199 - INFO - delete from apt_region_ma_new Starting...
2021-03-05 15:16:49,440 - INFO - delete from apt_region_ma_new Completed : 399830
2021-03-05 15:16:49,440 - INFO -  insert into apt_region_ma_new Starting...
2021-03-05 15:17:37,653 - INFO -  insert into apt_region_ma_new Completed : 436450
2021-03-05 15:17:37,653 - INFO -  update job_log set   end_dt Starting...
2021-03-05 15:17:37,679 - INFO -  update job_log set   end_dt Completed : 1
2021-03-05 15:17:37,680 - INFO - 200808 : starting...
2021-03-05 15:17:37,680 - INFO - insert into job_log values(%s, Starting...
2021-03-05 15:17:37,715 - INFO - insert into job_log values(%s, Completed : 1
2021-03-05 15:17:37,716 - INFO - delete from tmp_ym where Starting...
2021-03-05 15:17:37,761 - INFO - delete from tmp_ym where Completed : 1
2021-03-05 15:17:37,761 - INFO - insert into tmp_ym values('200 Starting...
2021-03-05 15:17:37,809 - INFO - insert into tmp_ym values('200 Completed : 1
2021-03-05 15:17:37,809 - INFO - truncate tmp_raw_data_new Starting...
2021-03-05 15:17:38,145 - INFO - truncate tmp_raw_data_new Completed : 0
2021-03-05 15:17:38,145 - INFO - truncate tmp_raw_data2_new Starting...
2021-03-05 15:17:38,368 - INFO - truncate tmp_raw_data2_new Completed : 0
2021-03-05 15:17:38,369 - INFO - get_and_load starting...
2021-03-05 15:24:49,431 - INFO -  LOAD DATA INFILE %s INTO Starting...
2021-03-05 15:24:51,222 - INFO -  LOAD DATA INFILE %s INTO Completed : 35812
2021-03-05 15:24:51,222 - INFO -  insert into tmp_raw_data2_new Starting...
2021-03-05 15:24:53,015 - INFO -  insert into tmp_raw_data2_new Completed : 35812
2021-03-05 15:24:53,075 - INFO - get_and_load completed : 35812
2021-03-05 15:24:53,075 - INFO -  insert into apt_master_new   Starting...
2021-03-05 15:25:01,415 - INFO -  insert into apt_master_new   Completed : 61
2021-03-05 15:25:01,416 - INFO -  update tmp_raw_data2_new a Starting...
2021-03-05 15:25:03,639 - INFO -  update tmp_raw_data2_new a Completed : 35812
2021-03-05 15:25:03,640 - INFO - insert into raw_data_new Starting...
2021-03-05 15:25:05,009 - INFO - insert into raw_data_new Completed : 35812
2021-03-05 15:25:05,009 - INFO -  insert into apt_sale_new  Starting...
2021-03-05 15:25:07,019 - INFO -  insert into apt_sale_new  Completed : 35812
2021-03-05 15:25:07,020 - INFO -  insert into apt_sale_deleted Starting...
2021-03-05 15:25:19,422 - INFO -  insert into apt_sale_deleted Completed : 0
2021-03-05 15:25:19,422 - INFO - delete from apt_sale_new Starting...
2021-03-05 15:25:19,423 - INFO - delete from apt_sale_new Completed : 0
2021-03-05 15:25:19,424 - INFO - delete from apt_sale_stats_new Starting...
2021-03-05 15:25:19,425 - INFO - delete from apt_sale_stats_new Completed : 0
2021-03-05 15:25:19,425 - INFO -  insert into apt_sale_stats_ne Starting...
2021-03-05 15:25:20,535 - INFO -  insert into apt_sale_stats_ne Completed : 10495
2021-03-05 15:25:20,536 - INFO -  insert into apt_sale_stats_ne Starting...
2021-03-05 15:25:20,782 - INFO -  insert into apt_sale_stats_ne Completed : 852
2021-03-05 15:25:20,782 - INFO -  insert into apt_sale_stats_ne Starting...
2021-03-05 15:25:21,433 - INFO -  insert into apt_sale_stats_ne Completed : 7050
2021-03-05 15:25:21,434 - INFO -  insert into apt_sale_stats_ne Starting...
2021-03-05 15:25:21,659 - INFO -  insert into apt_sale_stats_ne Completed : 1542
2021-03-05 15:25:21,659 - INFO - delete from apt_ma_new where Starting...
2021-03-05 15:25:34,820 - INFO - delete from apt_ma_new where Completed : 336513
2021-03-05 15:25:34,821 - INFO -  insert into apt_ma_new  Starting...
2021-03-05 15:26:30,175 - INFO -  insert into apt_ma_new  Completed : 365721
2021-03-05 15:26:30,176 - INFO - delete from apt_region_ma_new Starting...
2021-03-05 15:26:59,369 - INFO - delete from apt_region_ma_new Completed : 394896
2021-03-05 15:26:59,370 - INFO -  insert into apt_region_ma_new Starting...
2021-03-05 15:27:48,026 - INFO -  insert into apt_region_ma_new Completed : 429702
2021-03-05 15:27:48,026 - INFO -  update job_log set   end_dt Starting...
2021-03-05 15:27:48,101 - INFO -  update job_log set   end_dt Completed : 1
2021-03-05 15:27:48,102 - INFO - 200809 : starting...
2021-03-05 15:27:48,102 - INFO - insert into job_log values(%s, Starting...
2021-03-05 15:27:48,166 - INFO - insert into job_log values(%s, Completed : 1
2021-03-05 15:27:48,167 - INFO - delete from tmp_ym where Starting...
2021-03-05 15:27:48,216 - INFO - delete from tmp_ym where Completed : 1
2021-03-05 15:27:48,216 - INFO - insert into tmp_ym values('200 Starting...
2021-03-05 15:27:48,259 - INFO - insert into tmp_ym values('200 Completed : 1
2021-03-05 15:27:48,259 - INFO - truncate tmp_raw_data_new Starting...
2021-03-05 15:27:48,524 - INFO - truncate tmp_raw_data_new Completed : 0
2021-03-05 15:27:48,524 - INFO - truncate tmp_raw_data2_new Starting...
2021-03-05 15:27:48,714 - INFO - truncate tmp_raw_data2_new Completed : 0
2021-03-05 15:27:48,714 - INFO - get_and_load starting...
2021-03-05 15:34:45,821 - INFO -  LOAD DATA INFILE %s INTO Starting...
2021-03-05 15:34:47,533 - INFO -  LOAD DATA INFILE %s INTO Completed : 34035
2021-03-05 15:34:47,534 - INFO -  insert into tmp_raw_data2_new Starting...
2021-03-05 15:34:49,154 - INFO -  insert into tmp_raw_data2_new Completed : 34035
2021-03-05 15:34:49,206 - INFO - get_and_load completed : 34035
2021-03-05 15:34:49,207 - INFO -  insert into apt_master_new   Starting...
2021-03-05 15:34:57,303 - INFO -  insert into apt_master_new   Completed : 55
2021-03-05 15:34:57,303 - INFO -  update tmp_raw_data2_new a Starting...
2021-03-05 15:34:59,025 - INFO -  update tmp_raw_data2_new a Completed : 34035
2021-03-05 15:34:59,026 - INFO - insert into raw_data_new Starting...
2021-03-05 15:35:00,279 - INFO - insert into raw_data_new Completed : 34035
2021-03-05 15:35:00,280 - INFO -  insert into apt_sale_new  Starting...
2021-03-05 15:35:02,091 - INFO -  insert into apt_sale_new  Completed : 34035
2021-03-05 15:35:02,091 - INFO -  insert into apt_sale_deleted Starting...
2021-03-05 15:35:07,247 - INFO -  insert into apt_sale_deleted Completed : 0
2021-03-05 15:35:07,247 - INFO - delete from apt_sale_new Starting...
2021-03-05 15:35:07,248 - INFO - delete from apt_sale_new Completed : 0
2021-03-05 15:35:07,248 - INFO - delete from apt_sale_stats_new Starting...
2021-03-05 15:35:07,249 - INFO - delete from apt_sale_stats_new Completed : 0
2021-03-05 15:35:07,249 - INFO -  insert into apt_sale_stats_ne Starting...
2021-03-05 15:35:08,394 - INFO -  insert into apt_sale_stats_ne Completed : 10213
2021-03-05 15:35:08,394 - INFO -  insert into apt_sale_stats_ne Starting...
2021-03-05 15:35:08,673 - INFO -  insert into apt_sale_stats_ne Completed : 687
2021-03-05 15:35:08,673 - INFO -  insert into apt_sale_stats_ne Starting...
2021-03-05 15:35:09,411 - INFO -  insert into apt_sale_stats_ne Completed : 6903
2021-03-05 15:35:09,411 - INFO -  insert into apt_sale_stats_ne Starting...
2021-03-05 15:35:09,622 - INFO -  insert into apt_sale_stats_ne Completed : 1518
2021-03-05 15:35:09,622 - INFO - delete from apt_ma_new where Starting...
2021-03-05 15:35:23,253 - INFO - delete from apt_ma_new where Completed : 327776
2021-03-05 15:35:23,254 - INFO -  insert into apt_ma_new  Starting...
2021-03-05 15:36:22,176 - INFO -  insert into apt_ma_new  Completed : 358351
2021-03-05 15:36:22,177 - INFO - delete from apt_region_ma_new Starting...
2021-03-05 15:36:49,330 - INFO - delete from apt_region_ma_new Completed : 388081
2021-03-05 15:36:49,331 - INFO -  insert into apt_region_ma_new Starting...
2021-03-05 15:37:35,721 - INFO -  insert into apt_region_ma_new Completed : 423813
2021-03-05 15:37:35,721 - INFO -  update job_log set   end_dt Starting...
2021-03-05 15:37:35,762 - INFO -  update job_log set   end_dt Completed : 1
2021-03-05 15:37:35,762 - INFO - 200810 : starting...
2021-03-05 15:37:35,762 - INFO - insert into job_log values(%s, Starting...
2021-03-05 15:37:35,788 - INFO - insert into job_log values(%s, Completed : 1
2021-03-05 15:37:35,789 - INFO - delete from tmp_ym where Starting...
2021-03-05 15:37:35,806 - INFO - delete from tmp_ym where Completed : 1
2021-03-05 15:37:35,807 - INFO - insert into tmp_ym values('200 Starting...
2021-03-05 15:37:35,853 - INFO - insert into tmp_ym values('200 Completed : 1
2021-03-05 15:37:35,853 - INFO - truncate tmp_raw_data_new Starting...
2021-03-05 15:37:36,174 - INFO - truncate tmp_raw_data_new Completed : 0
2021-03-05 15:37:36,175 - INFO - truncate tmp_raw_data2_new Starting...
2021-03-05 15:37:36,374 - INFO - truncate tmp_raw_data2_new Completed : 0
2021-03-05 15:37:36,374 - INFO - get_and_load starting...
2021-03-05 15:44:40,455 - INFO -  LOAD DATA INFILE %s INTO Starting...
2021-03-05 15:44:42,175 - INFO -  LOAD DATA INFILE %s INTO Completed : 35534
2021-03-05 15:44:42,176 - INFO -  insert into tmp_raw_data2_new Starting...
2021-03-05 15:44:43,847 - INFO -  insert into tmp_raw_data2_new Completed : 35534
2021-03-05 15:44:43,905 - INFO - get_and_load completed : 35534
2021-03-05 15:44:43,905 - INFO -  insert into apt_master_new   Starting...
2021-03-05 15:44:51,983 - INFO -  insert into apt_master_new   Completed : 63
2021-03-05 15:44:51,984 - INFO -  update tmp_raw_data2_new a Starting...
2021-03-05 15:44:53,705 - INFO -  update tmp_raw_data2_new a Completed : 35534
2021-03-05 15:44:53,706 - INFO - insert into raw_data_new Starting...
2021-03-05 15:44:54,961 - INFO - insert into raw_data_new Completed : 35534
2021-03-05 15:44:54,961 - INFO -  insert into apt_sale_new  Starting...
2021-03-05 15:44:56,807 - INFO -  insert into apt_sale_new  Completed : 35534
2021-03-05 15:44:56,807 - INFO -  insert into apt_sale_deleted Starting...
2021-03-05 16:34:50,854 - INFO -  insert into apt_sale_deleted Completed : 0
2021-03-05 16:34:50,855 - INFO - delete from apt_sale_new Starting...
2021-03-05 16:34:50,894 - INFO - delete from apt_sale_new Completed : 0
2021-03-05 16:34:50,895 - INFO - delete from apt_sale_stats_new Starting...
2021-03-05 16:34:50,897 - INFO - delete from apt_sale_stats_new Completed : 0
2021-03-05 16:34:50,897 - INFO -  insert into apt_sale_stats_ne Starting...
2021-03-05 16:34:52,431 - INFO -  insert into apt_sale_stats_ne Completed : 9626
2021-03-05 16:34:52,431 - INFO -  insert into apt_sale_stats_ne Starting...
2021-03-05 16:34:52,825 - INFO -  insert into apt_sale_stats_ne Completed : 529
2021-03-05 16:34:52,826 - INFO -  insert into apt_sale_stats_ne Starting...
2021-03-05 16:34:53,878 - INFO -  insert into apt_sale_stats_ne Completed : 6571
2021-03-05 16:34:53,878 - INFO -  insert into apt_sale_stats_ne Starting...
2021-03-05 16:34:54,160 - INFO -  insert into apt_sale_stats_ne Completed : 1492
2021-03-05 16:34:54,160 - INFO - delete from apt_ma_new where Starting...
2021-03-05 16:35:12,703 - INFO - delete from apt_ma_new where Completed : 320321
2021-03-05 16:35:12,704 - INFO -  insert into apt_ma_new  Starting...
2021-03-05 16:36:51,901 - INFO -  insert into apt_ma_new  Completed : 350305
2021-03-05 16:36:51,902 - INFO - delete from apt_region_ma_new Starting...
2021-03-05 16:37:26,500 - INFO - delete from apt_region_ma_new Completed : 382065
2021-03-05 16:37:26,500 - INFO -  insert into apt_region_ma_new Starting...
2021-03-05 16:38:32,074 - INFO -  insert into apt_region_ma_new Completed : 416770
2021-03-05 16:38:32,075 - INFO -  update job_log set   end_dt Starting...
2021-03-05 16:38:32,192 - INFO -  update job_log set   end_dt Completed : 1
2021-03-05 16:38:32,192 - INFO - 200811 : starting...
2021-03-05 16:38:32,192 - INFO - insert into job_log values(%s, Starting...
2021-03-05 16:38:32,249 - INFO - insert into job_log values(%s, Completed : 1
2021-03-05 16:38:32,249 - INFO - delete from tmp_ym where Starting...
2021-03-05 16:38:32,273 - INFO - delete from tmp_ym where Completed : 1
2021-03-05 16:38:32,274 - INFO - insert into tmp_ym values('200 Starting...
2021-03-05 16:38:32,356 - INFO - insert into tmp_ym values('200 Completed : 1
2021-03-05 16:38:32,356 - INFO - truncate tmp_raw_data_new Starting...
2021-03-05 16:38:33,028 - INFO - truncate tmp_raw_data_new Completed : 0
2021-03-05 16:38:33,028 - INFO - truncate tmp_raw_data2_new Starting...
2021-03-05 16:38:33,231 - INFO - truncate tmp_raw_data2_new Completed : 0
2021-03-05 16:38:33,231 - INFO - get_and_load starting...
2021-03-05 16:44:56,622 - INFO -  LOAD DATA INFILE %s INTO Starting...
2021-03-05 16:44:57,829 - INFO -  LOAD DATA INFILE %s INTO Completed : 24302
2021-03-05 16:44:57,830 - INFO -  insert into tmp_raw_data2_new Starting...
2021-03-05 16:44:59,072 - INFO -  insert into tmp_raw_data2_new Completed : 24302
2021-03-05 16:44:59,109 - INFO - get_and_load completed : 24302
2021-03-05 16:44:59,109 - INFO -  insert into apt_master_new   Starting...
2021-03-05 16:45:04,605 - INFO -  insert into apt_master_new   Completed : 50
2021-03-05 16:45:04,605 - INFO -  update tmp_raw_data2_new a Starting...
2021-03-05 16:45:06,243 - INFO -  update tmp_raw_data2_new a Completed : 24302
2021-03-05 16:45:06,244 - INFO - insert into raw_data_new Starting...
2021-03-05 16:45:07,146 - INFO - insert into raw_data_new Completed : 24302
2021-03-05 16:45:07,147 - INFO -  insert into apt_sale_new  Starting...
2021-03-05 16:45:08,277 - INFO -  insert into apt_sale_new  Completed : 24302
2021-03-05 16:45:08,277 - INFO -  insert into apt_sale_deleted Starting...
2021-03-05 17:05:51,163 - INFO -  insert into apt_sale_deleted Completed : 0
2021-03-05 17:05:51,164 - INFO - delete from apt_sale_new Starting...
2021-03-05 17:05:51,165 - INFO - delete from apt_sale_new Completed : 0
2021-03-05 17:05:51,166 - INFO - delete from apt_sale_stats_new Starting...
2021-03-05 17:05:51,166 - INFO - delete from apt_sale_stats_new Completed : 0
2021-03-05 17:05:51,167 - INFO -  insert into apt_sale_stats_ne Starting...
2021-03-05 17:05:52,437 - INFO -  insert into apt_sale_stats_ne Completed : 8150
2021-03-05 17:05:52,438 - INFO -  insert into apt_sale_stats_ne Starting...
2021-03-05 17:05:52,674 - INFO -  insert into apt_sale_stats_ne Completed : 460
2021-03-05 17:05:52,674 - INFO -  insert into apt_sale_stats_ne Starting...
2021-03-05 17:05:53,471 - INFO -  insert into apt_sale_stats_ne Completed : 5835
2021-03-05 17:05:53,472 - INFO -  insert into apt_sale_stats_ne Starting...
2021-03-05 17:05:53,754 - INFO -  insert into apt_sale_stats_ne Completed : 1432
2021-03-05 17:05:53,754 - INFO - delete from apt_ma_new where Starting...
2021-03-05 17:06:10,703 - INFO - delete from apt_ma_new where Completed : 312439
2021-03-05 17:06:10,703 - INFO -  insert into apt_ma_new  Starting...
2021-03-05 17:07:46,965 - INFO -  insert into apt_ma_new  Completed : 337682
2021-03-05 17:07:46,966 - INFO - delete from apt_region_ma_new Starting...
2021-03-05 17:08:21,548 - INFO - delete from apt_region_ma_new Completed : 375093
2021-03-05 17:08:21,549 - INFO -  insert into apt_region_ma_new Starting...
2021-03-05 17:09:28,879 - INFO -  insert into apt_region_ma_new Completed : 406176
2021-03-05 17:09:28,880 - INFO -  update job_log set   end_dt Starting...
2021-03-05 17:09:28,992 - INFO -  update job_log set   end_dt Completed : 1
2021-03-05 17:09:28,993 - INFO - 200812 : starting...
2021-03-05 17:09:28,994 - INFO - insert into job_log values(%s, Starting...
2021-03-05 17:09:29,036 - INFO - insert into job_log values(%s, Completed : 1
2021-03-05 17:09:29,037 - INFO - delete from tmp_ym where Starting...
2021-03-05 17:09:29,089 - INFO - delete from tmp_ym where Completed : 1
2021-03-05 17:09:29,089 - INFO - insert into tmp_ym values('200 Starting...
2021-03-05 17:09:29,148 - INFO - insert into tmp_ym values('200 Completed : 1
2021-03-05 17:09:29,149 - INFO - truncate tmp_raw_data_new Starting...
2021-03-05 17:09:30,411 - INFO - truncate tmp_raw_data_new Completed : 0
2021-03-05 17:09:30,411 - INFO - truncate tmp_raw_data2_new Starting...
2021-03-05 17:09:30,640 - INFO - truncate tmp_raw_data2_new Completed : 0
2021-03-05 17:09:30,641 - INFO - get_and_load starting...
2021-03-05 17:15:27,013 - INFO -  LOAD DATA INFILE %s INTO Starting...
2021-03-05 17:15:28,331 - INFO -  LOAD DATA INFILE %s INTO Completed : 26092
2021-03-05 17:15:28,332 - INFO -  insert into tmp_raw_data2_new Starting...
2021-03-05 17:15:29,635 - INFO -  insert into tmp_raw_data2_new Completed : 26092
2021-03-05 17:15:29,677 - INFO - get_and_load completed : 26092
2021-03-05 17:15:29,677 - INFO -  insert into apt_master_new   Starting...
2021-03-05 17:15:36,365 - INFO -  insert into apt_master_new   Completed : 47
2021-03-05 17:15:36,366 - INFO -  update tmp_raw_data2_new a Starting...
2021-03-05 17:15:37,659 - INFO -  update tmp_raw_data2_new a Completed : 26092
2021-03-05 17:15:37,659 - INFO - insert into raw_data_new Starting...
2021-03-05 17:15:38,566 - INFO - insert into raw_data_new Completed : 26092
2021-03-05 17:15:38,567 - INFO -  insert into apt_sale_new  Starting...
2021-03-05 17:15:40,149 - INFO -  insert into apt_sale_new  Completed : 26092
2021-03-05 17:15:40,149 - INFO -  insert into apt_sale_deleted Starting...
